   1               		.file	"nrk_sw_wdt.c"
   2               	__SREG__ = 0x3f
   3               	__SP_H__ = 0x3e
   4               	__SP_L__ = 0x3d
   5               	__CCP__ = 0x34
   6               	__tmp_reg__ = 0
   7               	__zero_reg__ = 1
  10               		.text
  11               	.Ltext0:
 134               		.comm _nrk_signal_list,4,1
 135               		.comm nrk_idle_task_stk,128,1
 136               		.comm nrk_kernel_stk,128,1
 137               		.comm nrk_kernel_stk_ptr,2,1
 138               		.comm error_task,1,1
 139               		.comm error_num,1,1
 147               	.Letext0:
 148               	.global __do_clear_bss
DEFINED SYMBOLS
                            *ABS*:0000000000000000 nrk_sw_wdt.c
     /tmp/cc1sUMzr.s:2      *ABS*:000000000000003f __SREG__
     /tmp/cc1sUMzr.s:3      *ABS*:000000000000003e __SP_H__
     /tmp/cc1sUMzr.s:4      *ABS*:000000000000003d __SP_L__
     /tmp/cc1sUMzr.s:5      *ABS*:0000000000000034 __CCP__
     /tmp/cc1sUMzr.s:6      *ABS*:0000000000000000 __tmp_reg__
     /tmp/cc1sUMzr.s:7      *ABS*:0000000000000001 __zero_reg__
                            *COM*:0000000000000004 _nrk_signal_list
                            *COM*:0000000000000080 nrk_idle_task_stk
                            *COM*:0000000000000080 nrk_kernel_stk
                            *COM*:0000000000000002 nrk_kernel_stk_ptr
                            *COM*:0000000000000001 error_task
                            *COM*:0000000000000001 error_num

UNDEFINED SYMBOLS
__do_clear_bss
